\BOOKMARK [0][-]{section*.2}{摘 要}{}% 1
\BOOKMARK [0][-]{section*.4}{Abstract}{}% 2
\BOOKMARK [0][-]{section*.5}{目 录}{}% 3
\BOOKMARK [0][-]{section*.7}{图形列表}{}% 4
\BOOKMARK [0][-]{section*.9}{表格列表}{}% 5
\BOOKMARK [0][-]{chapter.1}{第1章  引言}{}% 6
\BOOKMARK [1][-]{section.1.1}{1.1 研究背景}{chapter.1}% 7
\BOOKMARK [2][-]{subsection.1.1.1}{1.1.1 研究现状}{section.1.1}% 8
\BOOKMARK [0][-]{chapter.2}{第2章  模式及初始场介绍}{}% 9
\BOOKMARK [1][-]{section.2.1}{2.1 模式介绍}{chapter.2}% 10
\BOOKMARK [1][-]{section.2.2}{2.2 参数化方案介绍}{chapter.2}% 11
\BOOKMARK [1][-]{section.2.3}{2.3 初始场资料和模式方案介绍}{chapter.2}% 12
\BOOKMARK [0][-]{chapter.3}{第3章  江苏省轻污染过程数值模拟}{}% 13
\BOOKMARK [1][-]{section.3.1}{3.1 环流场形势分析}{chapter.3}% 14
\BOOKMARK [1][-]{section.3.2}{3.2 大气层结分析}{chapter.3}% 15
\BOOKMARK [1][-]{section.3.3}{3.3 模拟结果评估}{chapter.3}% 16
\BOOKMARK [1][-]{section.3.4}{3.4 边界层高度}{chapter.3}% 17
\BOOKMARK [1][-]{section.3.5}{3.5 边界层与污染物浓度关系}{chapter.3}% 18
\BOOKMARK [1][-]{section.3.6}{3.6 PM2.5水平分布特征}{chapter.3}% 19
\BOOKMARK [1][-]{section.3.7}{3.7 PM2.5垂直分布特征}{chapter.3}% 20
\BOOKMARK [0][-]{section*.18}{参考文献}{}% 21
\BOOKMARK [0][-]{chapter*.20}{致谢}{}% 22
